1598197315389	geckodriver	INFO	Listening on 127.0.0.1:54076
1598197318483	mozrunner::runner	INFO	Running command: "C:\\Program Files\\Mozilla Firefox\\firefox.exe" "--marionette" "-foreground" "-no-remote" "-profile" "C:\\Users\\paulb\\AppData\\Local\\Temp\\rust_mozprofileJhyCIJ"
JavaScript error: resource://gre/modules/XULStore.jsm, line 66: Error: Can't find profile directory.
console.error: SearchCache: "_readCacheFile: Error reading cache file:" (new Error("", "(unknown module)"))
1598197324490	Marionette	INFO	Listening on port 54084
1598197324728	Marionette	WARN	TLS certificate errors will be ignored for this session
1598197325919	Marionette	INFO	Stopped listening on port 54084

###!!! [Child][RunMessage] Error: Channel closing: too late to send/recv, messages will be lost


###!!! [Child][MessageChannel::SendAndWait] Error: Channel error: cannot send/recv

1598277464423	geckodriver	INFO	Listening on 127.0.0.1:55774
1598277467545	mozrunner::runner	INFO	Running command: "C:\\Program Files\\Mozilla Firefox\\firefox.exe" "--marionette" "-foreground" "-no-remote" "-profile" "C:\\Users\\paulb\\AppData\\Local\\Temp\\rust_mozprofile27c8h9"
JavaScript error: resource://gre/modules/XULStore.jsm, line 66: Error: Can't find profile directory.
console.error: SearchCache: "_readCacheFile: Error reading cache file:" (new Error("", "(unknown module)"))
1598277472570	Marionette	INFO	Listening on port 55782
1598277472862	Marionette	WARN	TLS certificate errors will be ignored for this session
1598277473504	Marionette	INFO	Stopped listening on port 55782
console.warn: services.settings: main/cfr sync interrupted by shutdown

###!!! [Child][MessageChannel::SendAndWait] Error: Channel error: cannot send/recv

1598278826967	geckodriver	INFO	Listening on 127.0.0.1:55862
1598278830067	mozrunner::runner	INFO	Running command: "C:\\Program Files\\Mozilla Firefox\\firefox.exe" "--marionette" "-foreground" "-no-remote" "-profile" "C:\\Users\\paulb\\AppData\\Local\\Temp\\rust_mozprofileOeDwPn"
JavaScript error: resource://gre/modules/XULStore.jsm, line 66: Error: Can't find profile directory.
console.error: SearchCache: "_readCacheFile: Error reading cache file:" (new Error("", "(unknown module)"))
1598278834859	Marionette	INFO	Listening on port 55871
1598278835375	Marionette	WARN	TLS certificate errors will be ignored for this session
1598278836117	Marionette	INFO	Stopped listening on port 55871

###!!! [Child][RunMessage] Error: Channel closing: too late to send/recv, messages will be lost


###!!! [Child][MessageChannel::SendAndWait] Error: Channel error: cannot send/recv

1598279075119	geckodriver	INFO	Listening on 127.0.0.1:55941
1598279078202	mozrunner::runner	INFO	Running command: "C:\\Program Files\\Mozilla Firefox\\firefox.exe" "--marionette" "-foreground" "-no-remote" "-profile" "C:\\Users\\paulb\\AppData\\Local\\Temp\\rust_mozprofilewRwuFU"
JavaScript error: resource://gre/modules/XULStore.jsm, line 66: Error: Can't find profile directory.
console.error: SearchCache: "_readCacheFile: Error reading cache file:" (new Error("", "(unknown module)"))
1598279082765	Marionette	INFO	Listening on port 55949
1598279082988	Marionette	WARN	TLS certificate errors will be ignored for this session
1598279083839	Marionette	INFO	Stopped listening on port 55949

###!!! [Child][RunMessage] Error: Channel closing: too late to send/recv, messages will be lost


###!!! [Child][MessageChannel::SendAndWait] Error: Channel error: cannot send/recv

